c:\users\flareflax\desktop\environmentdelux\environmentdelux\release\vc141.pdb
c:\users\flareflax\desktop\environmentdelux\environmentdelux\release\vao.obj
c:\users\flareflax\desktop\environmentdelux\environmentdelux\release\terrainshader.obj
c:\users\flareflax\desktop\environmentdelux\environmentdelux\release\terrainrenderer.obj
c:\users\flareflax\desktop\environmentdelux\environmentdelux\release\terrain.obj
c:\users\flareflax\desktop\environmentdelux\environmentdelux\release\stb_image.obj
c:\users\flareflax\desktop\environmentdelux\environmentdelux\release\staticmodel.obj
c:\users\flareflax\desktop\environmentdelux\environmentdelux\release\staticloader.obj
c:\users\flareflax\desktop\environmentdelux\environmentdelux\release\shader.obj
c:\users\flareflax\desktop\environmentdelux\environmentdelux\release\renderer.obj
c:\users\flareflax\desktop\environmentdelux\environmentdelux\release\modelmanager.obj
c:\users\flareflax\desktop\environmentdelux\environmentdelux\release\entity.obj
c:\users\flareflax\desktop\environmentdelux\environmentdelux\release\engine.obj
c:\users\flareflax\desktop\environmentdelux\environmentdelux\release\displaymanager.obj
c:\users\flareflax\desktop\environmentdelux\environmentdelux\release\glad.obj
c:\users\flareflax\desktop\environmentdelux\release\environmentdelux.ipdb
c:\users\flareflax\desktop\environmentdelux\release\environmentdelux.iobj
c:\users\flareflax\desktop\environmentdelux\release\environmentdelux.exe
c:\users\flareflax\desktop\environmentdelux\release\environmentdelux.pdb
c:\users\flareflax\desktop\environmentdelux\environmentdelux\release\environmentdelux.tlog\cl.command.1.tlog
c:\users\flareflax\desktop\environmentdelux\environmentdelux\release\environmentdelux.tlog\cl.read.1.tlog
c:\users\flareflax\desktop\environmentdelux\environmentdelux\release\environmentdelux.tlog\cl.write.1.tlog
c:\users\flareflax\desktop\environmentdelux\environmentdelux\release\environmentdelux.tlog\environmentdelux.write.1u.tlog
c:\users\flareflax\desktop\environmentdelux\environmentdelux\release\environmentdelux.tlog\link.command.1.tlog
c:\users\flareflax\desktop\environmentdelux\environmentdelux\release\environmentdelux.tlog\link.read.1.tlog
c:\users\flareflax\desktop\environmentdelux\environmentdelux\release\environmentdelux.tlog\link.write.1.tlog
